<?xml version="1.0" encoding="UTF-8"?>
<testng-results ignored="0" total="1" passed="1" failed="0" skipped="0">
  <reporter-output>
  </reporter-output>
  <suite started-at="2023-04-17T02:10:55 BST" name="Default suite" finished-at="2023-04-17T02:10:55 BST" duration-ms="30">
    <groups>
    </groups>
    <test started-at="2023-04-17T02:10:55 BST" name="Default test" finished-at="2023-04-17T02:10:55 BST" duration-ms="30">
      <class name="testNG.learning.PS">
        <test-method signature="child()[pri:0, instance:testNG.learning.PS@78aab498]" started-at="2023-04-17T02:10:55 BST" name="child" finished-at="2023-04-17T02:10:55 BST" duration-ms="7" status="PASS">
          <reporter-output>
          </reporter-output>
        </test-method> <!-- child -->
      </class> <!-- testNG.learning.PS -->
    </test> <!-- Default test -->
  </suite> <!-- Default suite -->
</testng-results>
