<?xml version="1.0" encoding="UTF-8"?>
<!-- Generated by org.testng.reporters.JUnitXMLReporter -->
<testsuite ignored="4" hostname="LAPTOP-9T96KVR7" failures="0" tests="4" name="Loans" time="0.031" errors="0" timestamp="2023-04-16T05:12:01 BST">
  <testcase classname="testNG.learning.Day2" name="Day2CarLoanPassword" time="0.005"/>
  <testcase classname="testNG.learning.Day2" name="Day2CarLoanUserName" time="0.001"/>
  <testcase classname="testNG.learning.Day2" name="GroupMethod2" time="0.001"/>
  <testcase classname="testNG.learning.Day3" name="GroupMethodExample3" time="0.001"/>
  <testcase classname="testNG.learning.Day3" name="Day3HomeLoanUserName" time="0.0">
    <ignored/>
  </testcase> <!-- Day3HomeLoanUserName -->
  <testcase classname="testNG.learning.Day3" name="Day3HomeLoanLogin" time="0.0">
    <ignored/>
  </testcase> <!-- Day3HomeLoanLogin -->
  <testcase classname="testNG.learning.Day3" name="Day3HomeLoanPassword" time="0.0">
    <ignored/>
  </testcase> <!-- Day3HomeLoanPassword -->
  <testcase classname="testNG.learning.Day2" name="Day2CarLoanLogin" time="0.0">
    <ignored/>
  </testcase> <!-- Day2CarLoanLogin -->
</testsuite> <!-- Loans -->
