<?xml version="1.0" encoding="UTF-8"?>
<!-- Generated by org.testng.reporters.JUnitXMLReporter -->
<testsuite ignored="0" hostname="LAPTOP-9T96KVR7" failures="0" tests="9" name="Package level testing" time="0.039" errors="0" timestamp="2023-04-13T00:27:30 BST">
  <testcase classname="testNG.learning.Day1" name="PersonalLoanLoginday1" time="0.006"/>
  <testcase classname="testNG.learning.Day1" name="PersonalLoanPasswordDay1" time="0.001"/>
  <testcase classname="testNG.learning.Day1" name="PersonalLoanUserNameDay1" time="0.002"/>
  <testcase classname="testNG.learning.Day2" name="Day2CarLoanLogin" time="0.002"/>
  <testcase classname="testNG.learning.Day2" name="Day2CarLoanPassword" time="0.0"/>
  <testcase classname="testNG.learning.Day2" name="Day2CarLoanUserName" time="0.0"/>
  <testcase classname="testNG.learning.Day3" name="Day3HomeLoanLogin" time="0.001"/>
  <testcase classname="testNG.learning.Day3" name="Day3HomeLoanPassword" time="0.001"/>
  <testcase classname="testNG.learning.Day3" name="Day3HomeLoanUserName" time="0.001"/>
</testsuite> <!-- Package level testing -->
