<?xml version="1.0" encoding="UTF-8"?>
<!-- Generated by org.testng.reporters.JUnitXMLReporter -->
<testsuite ignored="0" hostname="LAPTOP-9T96KVR7" failures="0" tests="6" name="Personal Loan" time="0.042" errors="0" timestamp="2023-04-16T05:12:01 BST">
  <testcase classname="testNG.learning.Day1" name="GroupTestMethod1" time="0.003"/>
  <testcase classname="testNG.learning.Day1" name="PersonalLoanLoginday1" time="0.001"/>
  <testcase classname="testNG.learning.Day1" name="PersonalLoanPasswordDay1" time="0.003"/>
  <testcase classname="testNG.learning.Day1" name="PersonalLoanPasswordDay1" time="0.0"/>
  <testcase classname="testNG.learning.Day1" name="PersonalLoanPasswordDay1" time="0.002"/>
  <testcase classname="testNG.learning.Day1" name="PersonalLoanUserNameDay1" time="0.001"/>
</testsuite> <!-- Personal Loan -->
