<?xml version="1.0" encoding="UTF-8"?>
<!-- Generated by org.testng.reporters.JUnitXMLReporter -->
<testsuite ignored="4" hostname="LAPTOP-9T96KVR7" failures="0" tests="9" name="Smoke Testing" time="0.044" errors="0" timestamp="2023-04-13T01:24:13 BST">
  <testcase classname="testNG.learning.Day1" name="PersonalLoanLoginday1" time="0.007"/>
  <testcase classname="testNG.learning.Day1" name="PersonalLoanPasswordDay1" time="0.001"/>
  <testcase classname="testNG.learning.Day1" name="PersonalLoanUserNameDay1" time="0.001"/>
  <testcase classname="testNG.learning.Day2" name="Day2CarLoanLogin" time="0.0"/>
  <testcase classname="testNG.learning.Day2" name="Day2CarLoanPassword" time="0.001"/>
  <testcase classname="testNG.learning.Day2" name="Day2CarLoanUserName" time="0.0"/>
  <testcase classname="testNG.learning.Day3" name="Day3HomeLoanLogin" time="0.002"/>
  <testcase classname="testNG.learning.Day3" name="Day3HomeLoanPassword" time="0.001"/>
  <testcase classname="testNG.learning.Day3" name="Day3HomeLoanUserName" time="0.0"/>
  <testcase classname="testNG.learning.Day2" name="GroupMethod2" time="0.0">
    <ignored/>
  </testcase> <!-- GroupMethod2 -->
  <testcase classname="testNG.learning.Day1" name="GroupTestMethod1" time="0.0">
    <ignored/>
  </testcase> <!-- GroupTestMethod1 -->
  <testcase classname="testNG.learning.Day4" name="GroupMethodExample4" time="0.0">
    <ignored/>
  </testcase> <!-- GroupMethodExample4 -->
  <testcase classname="testNG.learning.Day3" name="GroupMethodExample3" time="0.0">
    <ignored/>
  </testcase> <!-- GroupMethodExample3 -->
</testsuite> <!-- Smoke Testing -->
